Build started 29/09/2018 1:14:27 AM.
     1>Project "G:\5TH SEM\MY PROJECT\File\File\File.vcxproj" on node 2 (build target(s)).
     1>InitializeBuildStatus:
         Creating "Debug\File.unsuccessfulbuild" because "AlwaysCreate" was specified.
       ClCompile:
         C:\Program Files (x86)\Microsoft Visual Studio 10.0\VC\bin\CL.exe /c /ZI /nologo /W3 /WX- /Od /Oy- /D WIN32 /D _DEBUG /D _CONSOLE /D _UNICODE /D UNICODE /Gm /EHsc /RTC1 /MDd /GS /fp:precise /Zc:wchar_t /Zc:forScope /Fo"Debug\\" /Fd"Debug\vc100.pdb" /Gd /TP /analyze- /errorReport:prompt main.cpp
         main.cpp
     1>g:\5th sem\my project\file\file\main.cpp(276): warning C4996: 'stricmp': The POSIX name for this item is deprecated. Instead, use the ISO C++ conformant name: _stricmp. See online help for details.
                 c:\program files (x86)\microsoft visual studio 10.0\vc\include\string.h(246) : see declaration of 'stricmp'
     1>g:\5th sem\my project\file\file\main.cpp(284): warning C4715: 'rm_File' : not all control paths return a value
     1>g:\5th sem\my project\file\file\main.cpp(466): warning C4715: 'LseekFile' : not all control paths return a value
     1>g:\5th sem\my project\file\file\main.cpp(559): warning C4715: 'truncate_File' : not all control paths return a value
       ManifestResourceCompile:
         C:\Program Files (x86)\Microsoft SDKs\Windows\v7.0A\bin\rc.exe /nologo /fo"Debug\File.exe.embed.manifest.res" Debug\File_manifest.rc 
       Link:
         C:\Program Files (x86)\Microsoft Visual Studio 10.0\VC\bin\link.exe /ERRORREPORT:PROMPT /OUT:"G:\5TH SEM\MY PROJECT\File\Debug\File.exe" /INCREMENTAL /NOLOGO kernel32.lib user32.lib gdi32.lib winspool.lib comdlg32.lib advapi32.lib shell32.lib ole32.lib oleaut32.lib uuid.lib odbc32.lib odbccp32.lib /MANIFEST /ManifestFile:"Debug\File.exe.intermediate.manifest" /MANIFESTUAC:"level='asInvoker' uiAccess='false'" /DEBUG /PDB:"G:\5TH SEM\MY PROJECT\File\Debug\File.pdb" /SUBSYSTEM:CONSOLE /TLBID:1 /DYNAMICBASE /NXCOMPAT /IMPLIB:"G:\5TH SEM\MY PROJECT\File\Debug\File.lib" /MACHINE:X86 Debug\File.exe.embed.manifest.res
         Debug\main.obj
         LINK : G:\5TH SEM\MY PROJECT\File\Debug\File.exe not found or not built by the last incremental link; performing full link
       Manifest:
         C:\Program Files (x86)\Microsoft SDKs\Windows\v7.0A\bin\mt.exe /nologo /verbose /out:"Debug\File.exe.embed.manifest" /manifest Debug\File.exe.intermediate.manifest
         All outputs are up-to-date.
       LinkEmbedManifest:
         All outputs are up-to-date.
         File.vcxproj -> G:\5TH SEM\MY PROJECT\File\Debug\File.exe
       FinalizeBuildStatus:
         Deleting file "Debug\File.unsuccessfulbuild".
         Touching "Debug\File.lastbuildstate".
     1>Done Building Project "G:\5TH SEM\MY PROJECT\File\File\File.vcxproj" (build target(s)).

Build succeeded.

Time Elapsed 00:00:06.74
